--> Testing doublet_making with 0.35 density
--> Testing doublet_making with 0.35 density
--> Testing doublet_making with 0.35 density
--> Testing doublet_making with 0.35 density
--> Testing doublet_making with 0.35 density
--> Testing doublet_making with 0.35 density
--> Testing doublet_making with 0.35 density
--> Testing doublet_making with 0.35 density
--> Testing doublet_making with 0.35 density
--> Testing doublet_making with 0.35 density
--> Stats
   density  runtime  recall  precision  doublets_made        seed
0     0.35     6.63    0.99        0.0         588999   335086266
1     0.35     3.45    0.99        0.0         616828   166295446
2     0.35     3.54    0.99        0.0         594487   151852856
3     0.35     3.49    0.99        0.0         599294  1002183610
4     0.35     3.51    0.99        0.0         607684   556753308
5     0.35     3.61    0.99        0.0         597011   575671177
6     0.35     3.61    0.99        0.0         591918   738039101
7     0.35     3.56    0.99        0.0         593140   342257300
8     0.35     3.54    0.99        0.0         588601   153233465
9     0.35     3.52    0.99        0.0         590726   593025155
