--> Testing doublet_making with 0.7 density
--> Testing doublet_making with 0.7 density
--> Testing doublet_making with 0.7 density
--> Testing doublet_making with 0.7 density
--> Testing doublet_making with 0.7 density
--> Testing doublet_making with 0.7 density
--> Testing doublet_making with 0.7 density
--> Testing doublet_making with 0.7 density
--> Testing doublet_making with 0.7 density
--> Testing doublet_making with 0.7 density
--> Stats
   density  runtime  recall  precision  doublets_made        seed
0      0.7     8.01    0.99        0.0        2360539  1014827444
1      0.7     4.36    0.99        0.0        2380312   118947340
2      0.7     4.28    0.99        0.0        2324796    18476027
3      0.7     4.33    0.99        0.0        2340117   850562080
4      0.7     4.35    0.99        0.0        2393225    82710832
5      0.7     4.34    0.99        0.0        2327592   174932692
6      0.7     4.35    0.99        0.0        2367121   835409973
7      0.7     4.31    0.99        0.0        2339311   470207727
8      0.7     4.32    0.99        0.0        2341083   680838535
9      0.7     4.36    1.00        0.0        2374233   729624777
