--> Testing doublet_making with 0.6 density
--> Testing doublet_making with 0.6 density
--> Testing doublet_making with 0.6 density
--> Testing doublet_making with 0.6 density
--> Testing doublet_making with 0.6 density
--> Testing doublet_making with 0.6 density
--> Testing doublet_making with 0.6 density
--> Testing doublet_making with 0.6 density
--> Testing doublet_making with 0.6 density
--> Testing doublet_making with 0.6 density
--> Stats
   density  runtime  recall  precision  doublets_made       seed
0      0.6     5.86    0.99        0.0        1754991  407630895
1      0.6     3.87    0.99        0.0        1747647  228496901
2      0.6     3.88    0.99        0.0        1732838  483527056
3      0.6     3.88    0.99        0.0        1714549  480059485
4      0.6     3.89    0.99        0.0        1727068  133911267
5      0.6     3.90    0.99        0.0        1704301   22825794
6      0.6     3.92    0.99        0.0        1751682  737619267
7      0.6     3.93    0.99        0.0        1779375  535122338
8      0.6     3.91    0.99        0.0        1702656  653604596
9      0.6     3.90    0.99        0.0        1713313  873011646
