--> Testing doublet_making with 0.65 density
--> Testing doublet_making with 0.65 density
--> Testing doublet_making with 0.65 density
--> Testing doublet_making with 0.65 density
--> Testing doublet_making with 0.65 density
--> Testing doublet_making with 0.65 density
--> Testing doublet_making with 0.65 density
--> Testing doublet_making with 0.65 density
--> Testing doublet_making with 0.65 density
--> Testing doublet_making with 0.65 density
--> Stats
   density  runtime  recall  precision  doublets_made       seed
0     0.65     5.96    0.99        0.0        2009556  566597087
1     0.65     4.15    0.99        0.0        2047489  718136275
2     0.65     4.16    0.99        0.0        2053350  507506512
3     0.65     4.19    0.99        0.0        2004052  317281945
4     0.65     4.14    0.99        0.0        2014852  559175963
5     0.65     4.17    0.99        0.0        2052374  871514084
6     0.65     4.13    0.99        0.0        2035033   87904804
7     0.65     4.15    0.99        0.0        2025943  507375839
8     0.65     4.13    0.99        0.0        2009146   81281049
9     0.65     4.16    0.99        0.0        2030991  402154206
