--> Testing doublet_making with 0.1 density
--> Testing doublet_making with 0.1 density
--> Testing doublet_making with 0.1 density
--> Testing doublet_making with 0.1 density
--> Testing doublet_making with 0.1 density
--> Testing doublet_making with 0.1 density
--> Testing doublet_making with 0.1 density
--> Testing doublet_making with 0.1 density
--> Testing doublet_making with 0.1 density
--> Testing doublet_making with 0.1 density
--> Stats
   density  runtime  recall  precision  doublets_made       seed
0      0.1     6.55    0.99       0.01          52362  123165490
1      0.1     2.77    1.00       0.01          48916  554496321
2      0.1     2.78    1.00       0.01          52959  968056685
3      0.1     2.77    1.00       0.01          49573  623243635
4      0.1     2.79    1.00       0.01          46480  130405840
5      0.1     2.78    0.99       0.01          51951  194722388
6      0.1     2.77    1.00       0.01          55988  271188354
7      0.1     2.79    0.99       0.01          51850  775772167
8      0.1     2.79    1.00       0.01          46989  793855998
9      0.1     2.80    0.99       0.01          54575  466599102
