--> Testing doublet_making with 0.55 density
--> Testing doublet_making with 0.55 density
--> Testing doublet_making with 0.55 density
--> Testing doublet_making with 0.55 density
--> Testing doublet_making with 0.55 density
--> Testing doublet_making with 0.55 density
--> Testing doublet_making with 0.55 density
--> Testing doublet_making with 0.55 density
--> Testing doublet_making with 0.55 density
--> Testing doublet_making with 0.55 density
--> Stats
   density  runtime  recall  precision  doublets_made        seed
0     0.55     6.82    0.99        0.0        1459458   155398833
1     0.55     3.72    0.99        0.0        1466180   556369122
2     0.55     3.74    0.99        0.0        1431862   607545125
3     0.55     3.74    0.99        0.0        1480817    41181061
4     0.55     3.75    0.99        0.0        1466621   696232946
5     0.55     3.72    0.99        0.0        1479675  1013894880
6     0.55     3.69    0.99        0.0        1452648   240384912
7     0.55     3.72    0.99        0.0        1452163   350265584
8     0.55     3.78    0.99        0.0        1428367   465644427
9     0.55     3.70    0.99        0.0        1440491   458056358
