--> Testing doublet_making with 0.4 density
--> Testing doublet_making with 0.4 density
--> Testing doublet_making with 0.4 density
--> Testing doublet_making with 0.4 density
--> Testing doublet_making with 0.4 density
--> Testing doublet_making with 0.4 density
--> Testing doublet_making with 0.4 density
--> Testing doublet_making with 0.4 density
--> Testing doublet_making with 0.4 density
--> Testing doublet_making with 0.4 density
--> Stats
   density  runtime  recall  precision  doublets_made       seed
0      0.4    20.02    1.00        0.0         785921  742617978
1      0.4     3.68    0.99        0.0         803080  511513495
2      0.4     3.67    1.00        0.0         766084  156836632
3      0.4     3.69    0.99        0.0         782089  412279397
4      0.4     3.79    1.00        0.0         759827   11168784
5      0.4     3.75    0.99        0.0         758037  463004605
6      0.4     3.76    0.99        0.0         795044  383154633
7      0.4     3.71    1.00        0.0         757715  825142397
8      0.4     3.71    0.99        0.0         746517  627720065
9      0.4     3.73    0.99        0.0         774709  268208161
