--> Testing doublet_making with 0.3 density
--> Testing doublet_making with 0.3 density
--> Testing doublet_making with 0.3 density
--> Testing doublet_making with 0.3 density
--> Testing doublet_making with 0.3 density
--> Testing doublet_making with 0.3 density
--> Testing doublet_making with 0.3 density
--> Testing doublet_making with 0.3 density
--> Testing doublet_making with 0.3 density
--> Testing doublet_making with 0.3 density
--> Stats
   density  runtime  recall  precision  doublets_made       seed
0      0.3     6.27    0.99        0.0         431352  257202289
1      0.3     3.40    0.99        0.0         440271  811545331
2      0.3     3.32    1.00        0.0         437508  336167373
3      0.3     3.28    1.00        0.0         440683  669389412
4      0.3     3.41    0.99        0.0         423878  577329033
5      0.3     3.35    0.99        0.0         435654  340068331
6      0.3     3.29    1.00        0.0         443894  352932886
7      0.3     3.31    1.00        0.0         438309  304776331
8      0.3     3.37    0.99        0.0         443086   93603303
9      0.3     3.43    0.99        0.0         431070  380514526
